2020-07-01 00:00:40.964 [http-nio-80-exec-55] DEBUG com.edu.o2o.dao.ShopDao.queryShopList - ==>  Preparing: select s.*,a.area_id,a.area_name,sc.shop_category_id,sc.shop_category_name from tb_shop s, tb_shop_category sc,tb_area a WHERE s.owner_id = ? and s.area_id = a.area_id and s.shop_category_id = sc.shop_category_id ORDER BY s.priority DESC LIMIT ?,? 
2020-07-01 00:00:40.999 [http-nio-80-exec-55] DEBUG com.edu.o2o.dao.ShopDao.queryShopList - ==> Parameters: 1(Long), 0(Integer), 100(Integer)
2020-07-01 00:00:41.112 [http-nio-80-exec-55] DEBUG com.edu.o2o.dao.ShopDao.queryShopList - <==      Total: 19
2020-07-01 00:00:41.121 [http-nio-80-exec-55] DEBUG com.edu.o2o.dao.ShopDao.queryShopCount - ==>  Preparing: select count(1) from tb_shop s, tb_shop_category sc,tb_area a WHERE s.owner_id = ? and s.area_id = a.area_id and s.shop_category_id = sc.shop_category_id 
2020-07-01 00:00:41.122 [http-nio-80-exec-55] DEBUG com.edu.o2o.dao.ShopDao.queryShopCount - ==> Parameters: 1(Long)
2020-07-01 00:00:41.201 [http-nio-80-exec-55] DEBUG com.edu.o2o.dao.ShopDao.queryShopCount - <==      Total: 1
2020-07-01 00:00:43.229 [http-nio-80-exec-57] DEBUG c.e.o.d.P.queryProductCategoryList - ==>  Preparing: select * from tb_product_category where shop_id=? order by priority desc 
2020-07-01 00:00:43.229 [http-nio-80-exec-57] DEBUG c.e.o.d.P.queryProductCategoryList - ==> Parameters: 30(Long)
2020-07-01 00:00:43.310 [http-nio-80-exec-57] DEBUG c.e.o.d.P.queryProductCategoryList - <==      Total: 5
2020-07-01 00:01:22.333 [http-nio-80-exec-63] DEBUG c.e.o.dao.ProductCategoryDao.deleteProductCategory - ==>  Preparing: delete from tb_product_category where product_category_id = ? and shop_id = ? 
2020-07-01 00:01:22.334 [http-nio-80-exec-63] DEBUG c.e.o.dao.ProductCategoryDao.deleteProductCategory - ==> Parameters: 40(Long), 30(Long)
2020-07-01 00:01:22.490 [http-nio-80-exec-63] DEBUG c.e.o.dao.ProductCategoryDao.deleteProductCategory - <==    Updates: 1
2020-07-01 00:01:22.749 [http-nio-80-exec-64] DEBUG c.e.o.d.P.queryProductCategoryList - ==>  Preparing: select * from tb_product_category where shop_id=? order by priority desc 
2020-07-01 00:01:22.750 [http-nio-80-exec-64] DEBUG c.e.o.d.P.queryProductCategoryList - ==> Parameters: 30(Long)
2020-07-01 00:01:22.830 [http-nio-80-exec-64] DEBUG c.e.o.d.P.queryProductCategoryList - <==      Total: 4
2020-07-01 00:04:17.057 [http-nio-80-exec-67] DEBUG c.e.o.d.P.queryProductCategoryList - ==>  Preparing: select * from tb_product_category where shop_id=? order by priority desc 
2020-07-01 00:04:17.058 [http-nio-80-exec-67] DEBUG c.e.o.d.P.queryProductCategoryList - ==> Parameters: 30(Long)
2020-07-01 00:04:17.137 [http-nio-80-exec-67] DEBUG c.e.o.d.P.queryProductCategoryList - <==      Total: 4
2020-07-01 00:04:47.448 [http-nio-80-exec-62] DEBUG com.edu.o2o.dao.ShopDao.queryShopList - ==>  Preparing: select s.*,a.area_id,a.area_name,sc.shop_category_id,sc.shop_category_name from tb_shop s, tb_shop_category sc,tb_area a WHERE s.owner_id = ? and s.area_id = a.area_id and s.shop_category_id = sc.shop_category_id ORDER BY s.priority DESC LIMIT ?,? 
2020-07-01 00:04:47.487 [http-nio-80-exec-62] DEBUG com.edu.o2o.dao.ShopDao.queryShopList - ==> Parameters: 1(Long), 0(Integer), 100(Integer)
2020-07-01 00:04:47.650 [http-nio-80-exec-62] DEBUG com.edu.o2o.dao.ShopDao.queryShopList - <==      Total: 19
2020-07-01 00:04:47.661 [http-nio-80-exec-62] DEBUG com.edu.o2o.dao.ShopDao.queryShopCount - ==>  Preparing: select count(1) from tb_shop s, tb_shop_category sc,tb_area a WHERE s.owner_id = ? and s.area_id = a.area_id and s.shop_category_id = sc.shop_category_id 
2020-07-01 00:04:47.661 [http-nio-80-exec-62] DEBUG com.edu.o2o.dao.ShopDao.queryShopCount - ==> Parameters: 1(Long)
2020-07-01 00:04:47.741 [http-nio-80-exec-62] DEBUG com.edu.o2o.dao.ShopDao.queryShopCount - <==      Total: 1
2020-07-01 00:04:50.608 [http-nio-80-exec-65] DEBUG c.e.o.d.P.queryProductCategoryList - ==>  Preparing: select * from tb_product_category where shop_id=? order by priority desc 
2020-07-01 00:04:50.609 [http-nio-80-exec-65] DEBUG c.e.o.d.P.queryProductCategoryList - ==> Parameters: 30(Long)
2020-07-01 00:04:50.688 [http-nio-80-exec-65] DEBUG c.e.o.d.P.queryProductCategoryList - <==      Total: 4
2020-07-01 00:04:56.303 [http-nio-80-exec-70] DEBUG c.e.o.d.P.queryProductCategoryList - ==>  Preparing: select * from tb_product_category where shop_id=? order by priority desc 
2020-07-01 00:04:56.303 [http-nio-80-exec-70] DEBUG c.e.o.d.P.queryProductCategoryList - ==> Parameters: 30(Long)
2020-07-01 00:04:56.381 [http-nio-80-exec-70] DEBUG c.e.o.d.P.queryProductCategoryList - <==      Total: 4
2020-07-01 00:09:27.512 [http-nio-80-exec-77] DEBUG com.edu.o2o.dao.ShopDao.queryShopList - ==>  Preparing: select s.*,a.area_id,a.area_name,sc.shop_category_id,sc.shop_category_name from tb_shop s, tb_shop_category sc,tb_area a WHERE s.owner_id = ? and s.area_id = a.area_id and s.shop_category_id = sc.shop_category_id ORDER BY s.priority DESC LIMIT ?,? 
2020-07-01 00:09:27.546 [http-nio-80-exec-77] DEBUG com.edu.o2o.dao.ShopDao.queryShopList - ==> Parameters: 1(Long), 0(Integer), 100(Integer)
2020-07-01 00:09:27.671 [http-nio-80-exec-77] DEBUG com.edu.o2o.dao.ShopDao.queryShopList - <==      Total: 19
2020-07-01 00:09:27.682 [http-nio-80-exec-77] DEBUG com.edu.o2o.dao.ShopDao.queryShopCount - ==>  Preparing: select count(1) from tb_shop s, tb_shop_category sc,tb_area a WHERE s.owner_id = ? and s.area_id = a.area_id and s.shop_category_id = sc.shop_category_id 
2020-07-01 00:09:27.682 [http-nio-80-exec-77] DEBUG com.edu.o2o.dao.ShopDao.queryShopCount - ==> Parameters: 1(Long)
2020-07-01 00:09:27.763 [http-nio-80-exec-77] DEBUG com.edu.o2o.dao.ShopDao.queryShopCount - <==      Total: 1
2020-07-01 00:09:33.535 [http-nio-80-exec-78] DEBUG c.e.o.d.P.queryProductCategoryList - ==>  Preparing: select * from tb_product_category where shop_id=? order by priority desc 
2020-07-01 00:09:33.536 [http-nio-80-exec-78] DEBUG c.e.o.d.P.queryProductCategoryList - ==> Parameters: 30(Long)
2020-07-01 00:09:33.620 [http-nio-80-exec-78] DEBUG c.e.o.d.P.queryProductCategoryList - <==      Total: 4
2020-07-01 00:10:56.562 [http-nio-80-exec-81] DEBUG com.edu.o2o.dao.ShopDao.queryShopList - ==>  Preparing: select s.*,a.area_id,a.area_name,sc.shop_category_id,sc.shop_category_name from tb_shop s, tb_shop_category sc,tb_area a WHERE s.owner_id = ? and s.area_id = a.area_id and s.shop_category_id = sc.shop_category_id ORDER BY s.priority DESC LIMIT ?,? 
2020-07-01 00:10:56.589 [http-nio-80-exec-81] DEBUG com.edu.o2o.dao.ShopDao.queryShopList - ==> Parameters: 1(Long), 0(Integer), 100(Integer)
2020-07-01 00:10:56.702 [http-nio-80-exec-81] DEBUG com.edu.o2o.dao.ShopDao.queryShopList - <==      Total: 19
2020-07-01 00:10:56.711 [http-nio-80-exec-81] DEBUG com.edu.o2o.dao.ShopDao.queryShopCount - ==>  Preparing: select count(1) from tb_shop s, tb_shop_category sc,tb_area a WHERE s.owner_id = ? and s.area_id = a.area_id and s.shop_category_id = sc.shop_category_id 
2020-07-01 00:10:56.711 [http-nio-80-exec-81] DEBUG com.edu.o2o.dao.ShopDao.queryShopCount - ==> Parameters: 1(Long)
2020-07-01 00:10:56.790 [http-nio-80-exec-81] DEBUG com.edu.o2o.dao.ShopDao.queryShopCount - <==      Total: 1
2020-07-01 00:10:58.810 [http-nio-80-exec-75] DEBUG c.e.o.d.P.queryProductCategoryList - ==>  Preparing: select * from tb_product_category where shop_id=? order by priority desc 
2020-07-01 00:10:58.811 [http-nio-80-exec-75] DEBUG c.e.o.d.P.queryProductCategoryList - ==> Parameters: 30(Long)
2020-07-01 00:10:58.897 [http-nio-80-exec-75] DEBUG c.e.o.d.P.queryProductCategoryList - <==      Total: 4
2020-07-01 00:11:15.962 [http-nio-80-exec-90] DEBUG com.edu.o2o.dao.ShopDao.queryShopList - ==>  Preparing: select s.*,a.area_id,a.area_name,sc.shop_category_id,sc.shop_category_name from tb_shop s, tb_shop_category sc,tb_area a WHERE s.owner_id = ? and s.area_id = a.area_id and s.shop_category_id = sc.shop_category_id ORDER BY s.priority DESC LIMIT ?,? 
2020-07-01 00:11:15.963 [http-nio-80-exec-90] DEBUG com.edu.o2o.dao.ShopDao.queryShopList - ==> Parameters: 1(Long), 0(Integer), 100(Integer)
2020-07-01 00:11:16.048 [http-nio-80-exec-90] DEBUG com.edu.o2o.dao.ShopDao.queryShopList - <==      Total: 19
2020-07-01 00:11:16.048 [http-nio-80-exec-90] DEBUG com.edu.o2o.dao.ShopDao.queryShopCount - ==>  Preparing: select count(1) from tb_shop s, tb_shop_category sc,tb_area a WHERE s.owner_id = ? and s.area_id = a.area_id and s.shop_category_id = sc.shop_category_id 
2020-07-01 00:11:16.049 [http-nio-80-exec-90] DEBUG com.edu.o2o.dao.ShopDao.queryShopCount - ==> Parameters: 1(Long)
2020-07-01 00:11:16.124 [http-nio-80-exec-90] DEBUG com.edu.o2o.dao.ShopDao.queryShopCount - <==      Total: 1
2020-07-01 00:11:18.078 [http-nio-80-exec-86] DEBUG c.e.o.d.P.queryProductCategoryList - ==>  Preparing: select * from tb_product_category where shop_id=? order by priority desc 
2020-07-01 00:11:18.080 [http-nio-80-exec-86] DEBUG c.e.o.d.P.queryProductCategoryList - ==> Parameters: 30(Long)
2020-07-01 00:11:18.157 [http-nio-80-exec-86] DEBUG c.e.o.d.P.queryProductCategoryList - <==      Total: 4
2020-07-01 00:14:49.791 [http-nio-80-exec-97] DEBUG com.edu.o2o.dao.ShopDao.queryShopList - ==>  Preparing: select s.*,a.area_id,a.area_name,sc.shop_category_id,sc.shop_category_name from tb_shop s, tb_shop_category sc,tb_area a WHERE s.owner_id = ? and s.area_id = a.area_id and s.shop_category_id = sc.shop_category_id ORDER BY s.priority DESC LIMIT ?,? 
2020-07-01 00:14:49.819 [http-nio-80-exec-97] DEBUG com.edu.o2o.dao.ShopDao.queryShopList - ==> Parameters: 1(Long), 0(Integer), 100(Integer)
2020-07-01 00:14:49.960 [http-nio-80-exec-97] DEBUG com.edu.o2o.dao.ShopDao.queryShopList - <==      Total: 19
2020-07-01 00:14:49.969 [http-nio-80-exec-97] DEBUG com.edu.o2o.dao.ShopDao.queryShopCount - ==>  Preparing: select count(1) from tb_shop s, tb_shop_category sc,tb_area a WHERE s.owner_id = ? and s.area_id = a.area_id and s.shop_category_id = sc.shop_category_id 
2020-07-01 00:14:49.970 [http-nio-80-exec-97] DEBUG com.edu.o2o.dao.ShopDao.queryShopCount - ==> Parameters: 1(Long)
2020-07-01 00:14:50.047 [http-nio-80-exec-97] DEBUG com.edu.o2o.dao.ShopDao.queryShopCount - <==      Total: 1
2020-07-01 00:14:52.205 [http-nio-80-exec-94] DEBUG c.e.o.d.P.queryProductCategoryList - ==>  Preparing: select * from tb_product_category where shop_id=? order by priority desc 
2020-07-01 00:14:52.206 [http-nio-80-exec-94] DEBUG c.e.o.d.P.queryProductCategoryList - ==> Parameters: 30(Long)
2020-07-01 00:14:52.285 [http-nio-80-exec-94] DEBUG c.e.o.d.P.queryProductCategoryList - <==      Total: 4
2020-07-01 00:18:24.572 [http-nio-80-exec-6] DEBUG com.edu.o2o.dao.ShopCategoryDao.queryShopCategory - ==>  Preparing: select * from tb_shop_category WHERE parent_id is not null order by priority DESC 
2020-07-01 00:18:24.607 [http-nio-80-exec-6] DEBUG com.edu.o2o.dao.ShopCategoryDao.queryShopCategory - ==> Parameters: 
2020-07-01 00:18:24.743 [http-nio-80-exec-6] DEBUG com.edu.o2o.dao.ShopCategoryDao.queryShopCategory - <==      Total: 15
2020-07-01 00:18:24.755 [http-nio-80-exec-6] DEBUG com.edu.o2o.dao.AreaDao.queryArea - ==>  Preparing: select * from tb_area order by priority DESC 
2020-07-01 00:18:24.755 [http-nio-80-exec-6] DEBUG com.edu.o2o.dao.AreaDao.queryArea - ==> Parameters: 
2020-07-01 00:18:24.842 [http-nio-80-exec-6] DEBUG com.edu.o2o.dao.AreaDao.queryArea - <==      Total: 2
2020-07-01 00:18:39.727 [http-nio-80-exec-8] DEBUG com.edu.o2o.dao.ShopDao.queryShopList - ==>  Preparing: select s.*,a.area_id,a.area_name,sc.shop_category_id,sc.shop_category_name from tb_shop s, tb_shop_category sc,tb_area a WHERE s.owner_id = ? and s.area_id = a.area_id and s.shop_category_id = sc.shop_category_id ORDER BY s.priority DESC LIMIT ?,? 
2020-07-01 00:18:39.728 [http-nio-80-exec-8] DEBUG com.edu.o2o.dao.ShopDao.queryShopList - ==> Parameters: 1(Long), 0(Integer), 100(Integer)
2020-07-01 00:18:39.815 [http-nio-80-exec-8] DEBUG com.edu.o2o.dao.ShopDao.queryShopList - <==      Total: 19
2020-07-01 00:18:39.816 [http-nio-80-exec-8] DEBUG com.edu.o2o.dao.ShopDao.queryShopCount - ==>  Preparing: select count(1) from tb_shop s, tb_shop_category sc,tb_area a WHERE s.owner_id = ? and s.area_id = a.area_id and s.shop_category_id = sc.shop_category_id 
2020-07-01 00:18:39.816 [http-nio-80-exec-8] DEBUG com.edu.o2o.dao.ShopDao.queryShopCount - ==> Parameters: 1(Long)
2020-07-01 00:18:39.893 [http-nio-80-exec-8] DEBUG com.edu.o2o.dao.ShopDao.queryShopCount - <==      Total: 1
2020-07-01 00:18:44.890 [http-nio-80-exec-1] DEBUG com.edu.o2o.dao.ShopDao.queryShopList - ==>  Preparing: select s.*,a.area_id,a.area_name,sc.shop_category_id,sc.shop_category_name from tb_shop s, tb_shop_category sc,tb_area a WHERE s.owner_id = ? and s.area_id = a.area_id and s.shop_category_id = sc.shop_category_id ORDER BY s.priority DESC LIMIT ?,? 
2020-07-01 00:18:44.890 [http-nio-80-exec-1] DEBUG com.edu.o2o.dao.ShopDao.queryShopList - ==> Parameters: 1(Long), 0(Integer), 100(Integer)
2020-07-01 00:18:44.972 [http-nio-80-exec-1] DEBUG com.edu.o2o.dao.ShopDao.queryShopList - <==      Total: 19
2020-07-01 00:18:44.973 [http-nio-80-exec-1] DEBUG com.edu.o2o.dao.ShopDao.queryShopCount - ==>  Preparing: select count(1) from tb_shop s, tb_shop_category sc,tb_area a WHERE s.owner_id = ? and s.area_id = a.area_id and s.shop_category_id = sc.shop_category_id 
2020-07-01 00:18:44.973 [http-nio-80-exec-1] DEBUG com.edu.o2o.dao.ShopDao.queryShopCount - ==> Parameters: 1(Long)
2020-07-01 00:18:45.051 [http-nio-80-exec-1] DEBUG com.edu.o2o.dao.ShopDao.queryShopCount - <==      Total: 1
2020-07-01 00:18:54.945 [http-nio-80-exec-7] DEBUG c.e.o.d.P.queryProductCategoryList - ==>  Preparing: select * from tb_product_category where shop_id=? order by priority desc 
2020-07-01 00:18:54.945 [http-nio-80-exec-7] DEBUG c.e.o.d.P.queryProductCategoryList - ==> Parameters: 30(Long)
2020-07-01 00:18:55.025 [http-nio-80-exec-7] DEBUG c.e.o.d.P.queryProductCategoryList - <==      Total: 4
2020-07-01 00:23:11.404 [http-nio-80-exec-1] DEBUG com.edu.o2o.dao.ShopDao.queryShopList - ==>  Preparing: select s.*,a.area_id,a.area_name,sc.shop_category_id,sc.shop_category_name from tb_shop s, tb_shop_category sc,tb_area a WHERE s.owner_id = ? and s.area_id = a.area_id and s.shop_category_id = sc.shop_category_id ORDER BY s.priority DESC LIMIT ?,? 
2020-07-01 00:23:11.431 [http-nio-80-exec-1] DEBUG com.edu.o2o.dao.ShopDao.queryShopList - ==> Parameters: 1(Long), 0(Integer), 100(Integer)
2020-07-01 00:23:11.564 [http-nio-80-exec-1] DEBUG com.edu.o2o.dao.ShopDao.queryShopList - <==      Total: 19
2020-07-01 00:23:11.573 [http-nio-80-exec-1] DEBUG com.edu.o2o.dao.ShopDao.queryShopCount - ==>  Preparing: select count(1) from tb_shop s, tb_shop_category sc,tb_area a WHERE s.owner_id = ? and s.area_id = a.area_id and s.shop_category_id = sc.shop_category_id 
2020-07-01 00:23:11.573 [http-nio-80-exec-1] DEBUG com.edu.o2o.dao.ShopDao.queryShopCount - ==> Parameters: 1(Long)
2020-07-01 00:23:11.651 [http-nio-80-exec-1] DEBUG com.edu.o2o.dao.ShopDao.queryShopCount - <==      Total: 1
2020-07-01 00:23:13.677 [http-nio-80-exec-5] DEBUG c.e.o.d.P.queryProductCategoryList - ==>  Preparing: select * from tb_product_category where shop_id=? order by priority desc 
2020-07-01 00:23:13.678 [http-nio-80-exec-5] DEBUG c.e.o.d.P.queryProductCategoryList - ==> Parameters: 30(Long)
2020-07-01 00:23:13.761 [http-nio-80-exec-5] DEBUG c.e.o.d.P.queryProductCategoryList - <==      Total: 4
2020-07-01 00:24:14.784 [http-nio-80-exec-14] DEBUG c.e.o.d.P.queryProductCategoryList - ==>  Preparing: select * from tb_product_category where shop_id=? order by priority desc 
2020-07-01 00:24:14.784 [http-nio-80-exec-14] DEBUG c.e.o.d.P.queryProductCategoryList - ==> Parameters: 30(Long)
2020-07-01 00:24:14.865 [http-nio-80-exec-14] DEBUG c.e.o.d.P.queryProductCategoryList - <==      Total: 4
2020-07-01 00:24:38.292 [http-nio-80-exec-11] DEBUG c.e.o.d.P.queryProductCategoryList - ==>  Preparing: select * from tb_product_category where shop_id=? order by priority desc 
2020-07-01 00:24:38.292 [http-nio-80-exec-11] DEBUG c.e.o.d.P.queryProductCategoryList - ==> Parameters: 30(Long)
2020-07-01 00:24:38.379 [http-nio-80-exec-11] DEBUG c.e.o.d.P.queryProductCategoryList - <==      Total: 4
2020-07-01 00:28:35.710 [http-nio-80-exec-19] DEBUG com.edu.o2o.dao.ShopDao.queryShopList - ==>  Preparing: select s.*,a.area_id,a.area_name,sc.shop_category_id,sc.shop_category_name from tb_shop s, tb_shop_category sc,tb_area a WHERE s.owner_id = ? and s.area_id = a.area_id and s.shop_category_id = sc.shop_category_id ORDER BY s.priority DESC LIMIT ?,? 
2020-07-01 00:28:35.738 [http-nio-80-exec-19] DEBUG com.edu.o2o.dao.ShopDao.queryShopList - ==> Parameters: 1(Long), 0(Integer), 100(Integer)
2020-07-01 00:28:35.851 [http-nio-80-exec-19] DEBUG com.edu.o2o.dao.ShopDao.queryShopList - <==      Total: 19
2020-07-01 00:28:35.859 [http-nio-80-exec-19] DEBUG com.edu.o2o.dao.ShopDao.queryShopCount - ==>  Preparing: select count(1) from tb_shop s, tb_shop_category sc,tb_area a WHERE s.owner_id = ? and s.area_id = a.area_id and s.shop_category_id = sc.shop_category_id 
2020-07-01 00:28:35.860 [http-nio-80-exec-19] DEBUG com.edu.o2o.dao.ShopDao.queryShopCount - ==> Parameters: 1(Long)
2020-07-01 00:28:35.938 [http-nio-80-exec-19] DEBUG com.edu.o2o.dao.ShopDao.queryShopCount - <==      Total: 1
2020-07-01 00:28:38.155 [http-nio-80-exec-12] DEBUG c.e.o.d.P.queryProductCategoryList - ==>  Preparing: select * from tb_product_category where shop_id=? order by priority desc 
2020-07-01 00:28:38.157 [http-nio-80-exec-12] DEBUG c.e.o.d.P.queryProductCategoryList - ==> Parameters: 30(Long)
2020-07-01 00:28:38.243 [http-nio-80-exec-12] DEBUG c.e.o.d.P.queryProductCategoryList - <==      Total: 4
2020-07-01 00:32:49.181 [http-nio-80-exec-30] DEBUG com.edu.o2o.dao.ShopDao.queryShopList - ==>  Preparing: select s.*,a.area_id,a.area_name,sc.shop_category_id,sc.shop_category_name from tb_shop s, tb_shop_category sc,tb_area a WHERE s.owner_id = ? and s.area_id = a.area_id and s.shop_category_id = sc.shop_category_id ORDER BY s.priority DESC LIMIT ?,? 
2020-07-01 00:32:49.217 [http-nio-80-exec-30] DEBUG com.edu.o2o.dao.ShopDao.queryShopList - ==> Parameters: 1(Long), 0(Integer), 100(Integer)
2020-07-01 00:32:49.330 [http-nio-80-exec-30] DEBUG com.edu.o2o.dao.ShopDao.queryShopList - <==      Total: 19
2020-07-01 00:32:49.339 [http-nio-80-exec-30] DEBUG com.edu.o2o.dao.ShopDao.queryShopCount - ==>  Preparing: select count(1) from tb_shop s, tb_shop_category sc,tb_area a WHERE s.owner_id = ? and s.area_id = a.area_id and s.shop_category_id = sc.shop_category_id 
2020-07-01 00:32:49.339 [http-nio-80-exec-30] DEBUG com.edu.o2o.dao.ShopDao.queryShopCount - ==> Parameters: 1(Long)
2020-07-01 00:32:49.417 [http-nio-80-exec-30] DEBUG com.edu.o2o.dao.ShopDao.queryShopCount - <==      Total: 1
2020-07-01 00:32:51.686 [http-nio-80-exec-26] DEBUG c.e.o.d.P.queryProductCategoryList - ==>  Preparing: select * from tb_product_category where shop_id=? order by priority desc 
2020-07-01 00:32:51.687 [http-nio-80-exec-26] DEBUG c.e.o.d.P.queryProductCategoryList - ==> Parameters: 30(Long)
2020-07-01 00:32:51.766 [http-nio-80-exec-26] DEBUG c.e.o.d.P.queryProductCategoryList - <==      Total: 4
2020-07-01 00:33:05.905 [http-nio-80-exec-32] DEBUG com.edu.o2o.dao.ShopDao.queryByShopId - ==>  Preparing: select s.*,a.area_id,a.area_name,c.shop_category_id,c.shop_category_name from tb_shop s, tb_shop_category c,tb_area a where s.area_id=a.area_id and s.shop_category_id = c.shop_category_id and s.shop_id = ? 
2020-07-01 00:33:05.906 [http-nio-80-exec-32] DEBUG com.edu.o2o.dao.ShopDao.queryByShopId - ==> Parameters: 30(Long)
2020-07-01 00:33:05.990 [http-nio-80-exec-32] DEBUG com.edu.o2o.dao.ShopDao.queryByShopId - <==      Total: 1
2020-07-01 00:33:05.991 [http-nio-80-exec-32] DEBUG com.edu.o2o.dao.AreaDao.queryArea - ==>  Preparing: select * from tb_area order by priority DESC 
2020-07-01 00:33:05.992 [http-nio-80-exec-32] DEBUG com.edu.o2o.dao.AreaDao.queryArea - ==> Parameters: 
2020-07-01 00:33:06.067 [http-nio-80-exec-32] DEBUG com.edu.o2o.dao.AreaDao.queryArea - <==      Total: 2
2020-07-01 00:33:08.418 [http-nio-80-exec-22] DEBUG c.e.o.d.P.queryProductCategoryList - ==>  Preparing: select * from tb_product_category where shop_id=? order by priority desc 
2020-07-01 00:33:08.419 [http-nio-80-exec-22] DEBUG c.e.o.d.P.queryProductCategoryList - ==> Parameters: 30(Long)
2020-07-01 00:33:08.494 [http-nio-80-exec-22] DEBUG c.e.o.d.P.queryProductCategoryList - <==      Total: 4
2020-07-01 00:34:34.129 [http-nio-80-exec-5] DEBUG com.edu.o2o.dao.ShopCategoryDao.queryShopCategory - ==>  Preparing: select * from tb_shop_category WHERE parent_id is not null order by priority DESC 
2020-07-01 00:34:34.163 [http-nio-80-exec-5] DEBUG com.edu.o2o.dao.ShopCategoryDao.queryShopCategory - ==> Parameters: 
2020-07-01 00:34:34.277 [http-nio-80-exec-5] DEBUG com.edu.o2o.dao.ShopCategoryDao.queryShopCategory - <==      Total: 15
2020-07-01 00:34:34.285 [http-nio-80-exec-5] DEBUG com.edu.o2o.dao.AreaDao.queryArea - ==>  Preparing: select * from tb_area order by priority DESC 
2020-07-01 00:34:34.285 [http-nio-80-exec-5] DEBUG com.edu.o2o.dao.AreaDao.queryArea - ==> Parameters: 
2020-07-01 00:34:34.367 [http-nio-80-exec-5] DEBUG com.edu.o2o.dao.AreaDao.queryArea - <==      Total: 2
2020-07-01 00:34:37.419 [http-nio-80-exec-7] DEBUG com.edu.o2o.dao.ShopDao.queryShopList - ==>  Preparing: select s.*,a.area_id,a.area_name,sc.shop_category_id,sc.shop_category_name from tb_shop s, tb_shop_category sc,tb_area a WHERE s.owner_id = ? and s.area_id = a.area_id and s.shop_category_id = sc.shop_category_id ORDER BY s.priority DESC LIMIT ?,? 
2020-07-01 00:34:37.420 [http-nio-80-exec-7] DEBUG com.edu.o2o.dao.ShopDao.queryShopList - ==> Parameters: 1(Long), 0(Integer), 100(Integer)
2020-07-01 00:34:37.510 [http-nio-80-exec-7] DEBUG com.edu.o2o.dao.ShopDao.queryShopList - <==      Total: 19
2020-07-01 00:34:37.510 [http-nio-80-exec-7] DEBUG com.edu.o2o.dao.ShopDao.queryShopCount - ==>  Preparing: select count(1) from tb_shop s, tb_shop_category sc,tb_area a WHERE s.owner_id = ? and s.area_id = a.area_id and s.shop_category_id = sc.shop_category_id 
2020-07-01 00:34:37.511 [http-nio-80-exec-7] DEBUG com.edu.o2o.dao.ShopDao.queryShopCount - ==> Parameters: 1(Long)
2020-07-01 00:34:37.591 [http-nio-80-exec-7] DEBUG com.edu.o2o.dao.ShopDao.queryShopCount - <==      Total: 1
2020-07-01 00:34:39.898 [http-nio-80-exec-1] DEBUG c.e.o.d.P.queryProductCategoryList - ==>  Preparing: select * from tb_product_category where shop_id=? order by priority desc 
2020-07-01 00:34:39.898 [http-nio-80-exec-1] DEBUG c.e.o.d.P.queryProductCategoryList - ==> Parameters: 30(Long)
2020-07-01 00:34:39.976 [http-nio-80-exec-1] DEBUG c.e.o.d.P.queryProductCategoryList - <==      Total: 4
2020-07-01 00:35:24.697 [http-nio-80-exec-5] DEBUG c.e.o.d.P.queryProductCategoryList - ==>  Preparing: select * from tb_product_category where shop_id=? order by priority desc 
2020-07-01 00:35:24.697 [http-nio-80-exec-5] DEBUG c.e.o.d.P.queryProductCategoryList - ==> Parameters: 30(Long)
2020-07-01 00:35:24.777 [http-nio-80-exec-5] DEBUG c.e.o.d.P.queryProductCategoryList - <==      Total: 4
2020-07-01 00:35:31.306 [http-nio-80-exec-1] DEBUG c.e.o.d.P.queryProductCategoryList - ==>  Preparing: select * from tb_product_category where shop_id=? order by priority desc 
2020-07-01 00:35:31.306 [http-nio-80-exec-1] DEBUG c.e.o.d.P.queryProductCategoryList - ==> Parameters: 30(Long)
2020-07-01 00:35:31.386 [http-nio-80-exec-1] DEBUG c.e.o.d.P.queryProductCategoryList - <==      Total: 4
2020-07-01 00:35:32.005 [http-nio-80-exec-10] DEBUG c.e.o.d.P.queryProductCategoryList - ==>  Preparing: select * from tb_product_category where shop_id=? order by priority desc 
2020-07-01 00:35:32.006 [http-nio-80-exec-10] DEBUG c.e.o.d.P.queryProductCategoryList - ==> Parameters: 30(Long)
2020-07-01 00:35:32.085 [http-nio-80-exec-10] DEBUG c.e.o.d.P.queryProductCategoryList - <==      Total: 4
2020-07-01 00:39:21.374 [http-nio-80-exec-8] DEBUG com.edu.o2o.dao.ShopCategoryDao.queryShopCategory - ==>  Preparing: select * from tb_shop_category WHERE parent_id is not null order by priority DESC 
2020-07-01 00:39:21.408 [http-nio-80-exec-8] DEBUG com.edu.o2o.dao.ShopCategoryDao.queryShopCategory - ==> Parameters: 
2020-07-01 00:39:21.567 [http-nio-80-exec-8] DEBUG com.edu.o2o.dao.ShopCategoryDao.queryShopCategory - <==      Total: 15
2020-07-01 00:39:21.575 [http-nio-80-exec-8] DEBUG com.edu.o2o.dao.AreaDao.queryArea - ==>  Preparing: select * from tb_area order by priority DESC 
2020-07-01 00:39:21.576 [http-nio-80-exec-8] DEBUG com.edu.o2o.dao.AreaDao.queryArea - ==> Parameters: 
2020-07-01 00:39:21.653 [http-nio-80-exec-8] DEBUG com.edu.o2o.dao.AreaDao.queryArea - <==      Total: 2
2020-07-01 00:39:22.651 [http-nio-80-exec-5] DEBUG com.edu.o2o.dao.ShopDao.queryShopList - ==>  Preparing: select s.*,a.area_id,a.area_name,sc.shop_category_id,sc.shop_category_name from tb_shop s, tb_shop_category sc,tb_area a WHERE s.owner_id = ? and s.area_id = a.area_id and s.shop_category_id = sc.shop_category_id ORDER BY s.priority DESC LIMIT ?,? 
2020-07-01 00:39:22.652 [http-nio-80-exec-5] DEBUG com.edu.o2o.dao.ShopDao.queryShopList - ==> Parameters: 1(Long), 0(Integer), 100(Integer)
2020-07-01 00:39:22.741 [http-nio-80-exec-5] DEBUG com.edu.o2o.dao.ShopDao.queryShopList - <==      Total: 19
2020-07-01 00:39:22.742 [http-nio-80-exec-5] DEBUG com.edu.o2o.dao.ShopDao.queryShopCount - ==>  Preparing: select count(1) from tb_shop s, tb_shop_category sc,tb_area a WHERE s.owner_id = ? and s.area_id = a.area_id and s.shop_category_id = sc.shop_category_id 
2020-07-01 00:39:22.743 [http-nio-80-exec-5] DEBUG com.edu.o2o.dao.ShopDao.queryShopCount - ==> Parameters: 1(Long)
2020-07-01 00:39:22.820 [http-nio-80-exec-5] DEBUG com.edu.o2o.dao.ShopDao.queryShopCount - <==      Total: 1
2020-07-01 00:39:25.338 [http-nio-80-exec-4] DEBUG c.e.o.d.P.queryProductCategoryList - ==>  Preparing: select * from tb_product_category where shop_id=? order by priority desc 
2020-07-01 00:39:25.338 [http-nio-80-exec-4] DEBUG c.e.o.d.P.queryProductCategoryList - ==> Parameters: 30(Long)
2020-07-01 00:39:25.420 [http-nio-80-exec-4] DEBUG c.e.o.d.P.queryProductCategoryList - <==      Total: 4
2020-07-01 00:42:19.910 [http-nio-80-exec-5] DEBUG c.e.o.d.P.queryProductCategoryList - ==>  Preparing: select * from tb_product_category where shop_id=? order by priority desc 
2020-07-01 00:42:19.910 [http-nio-80-exec-5] DEBUG c.e.o.d.P.queryProductCategoryList - ==> Parameters: 30(Long)
2020-07-01 00:42:19.990 [http-nio-80-exec-5] DEBUG c.e.o.d.P.queryProductCategoryList - <==      Total: 4
2020-07-01 00:43:07.836 [http-nio-80-exec-4] DEBUG c.e.o.d.P.queryProductCategoryList - ==>  Preparing: select * from tb_product_category where shop_id=? order by priority desc 
2020-07-01 00:43:07.836 [http-nio-80-exec-4] DEBUG c.e.o.d.P.queryProductCategoryList - ==> Parameters: 30(Long)
2020-07-01 00:43:07.928 [http-nio-80-exec-4] DEBUG c.e.o.d.P.queryProductCategoryList - <==      Total: 4
2020-07-01 00:57:12.547 [http-nio-80-exec-8] DEBUG com.edu.o2o.dao.ShopCategoryDao.queryShopCategory - ==>  Preparing: select * from tb_shop_category WHERE parent_id is not null order by priority DESC 
2020-07-01 00:57:12.582 [http-nio-80-exec-8] DEBUG com.edu.o2o.dao.ShopCategoryDao.queryShopCategory - ==> Parameters: 
2020-07-01 00:57:12.696 [http-nio-80-exec-8] DEBUG com.edu.o2o.dao.ShopCategoryDao.queryShopCategory - <==      Total: 15
2020-07-01 00:57:12.964 [http-nio-80-exec-8] DEBUG com.edu.o2o.dao.AreaDao.queryArea - ==>  Preparing: select * from tb_area order by priority DESC 
2020-07-01 00:57:12.965 [http-nio-80-exec-8] DEBUG com.edu.o2o.dao.AreaDao.queryArea - ==> Parameters: 
2020-07-01 00:57:13.043 [http-nio-80-exec-8] DEBUG com.edu.o2o.dao.AreaDao.queryArea - <==      Total: 2
2020-07-01 00:57:22.219 [http-nio-80-exec-5] DEBUG com.edu.o2o.dao.ShopDao.queryShopList - ==>  Preparing: select s.*,a.area_id,a.area_name,sc.shop_category_id,sc.shop_category_name from tb_shop s, tb_shop_category sc,tb_area a WHERE s.owner_id = ? and s.area_id = a.area_id and s.shop_category_id = sc.shop_category_id ORDER BY s.priority DESC LIMIT ?,? 
2020-07-01 00:57:22.220 [http-nio-80-exec-5] DEBUG com.edu.o2o.dao.ShopDao.queryShopList - ==> Parameters: 1(Long), 0(Integer), 100(Integer)
2020-07-01 00:57:22.308 [http-nio-80-exec-5] DEBUG com.edu.o2o.dao.ShopDao.queryShopList - <==      Total: 19
2020-07-01 00:57:22.309 [http-nio-80-exec-5] DEBUG com.edu.o2o.dao.ShopDao.queryShopCount - ==>  Preparing: select count(1) from tb_shop s, tb_shop_category sc,tb_area a WHERE s.owner_id = ? and s.area_id = a.area_id and s.shop_category_id = sc.shop_category_id 
2020-07-01 00:57:22.310 [http-nio-80-exec-5] DEBUG com.edu.o2o.dao.ShopDao.queryShopCount - ==> Parameters: 1(Long)
2020-07-01 00:57:22.388 [http-nio-80-exec-5] DEBUG com.edu.o2o.dao.ShopDao.queryShopCount - <==      Total: 1
2020-07-01 00:57:24.639 [http-nio-80-exec-5] DEBUG c.e.o.d.P.queryProductCategoryList - ==>  Preparing: select * from tb_product_category where shop_id=? order by priority desc 
2020-07-01 00:57:24.639 [http-nio-80-exec-5] DEBUG c.e.o.d.P.queryProductCategoryList - ==> Parameters: 30(Long)
2020-07-01 00:57:24.722 [http-nio-80-exec-5] DEBUG c.e.o.d.P.queryProductCategoryList - <==      Total: 4
2020-07-01 01:00:31.328 [http-nio-80-exec-9] DEBUG com.edu.o2o.dao.ShopDao.queryShopList - ==>  Preparing: select s.*,a.area_id,a.area_name,sc.shop_category_id,sc.shop_category_name from tb_shop s, tb_shop_category sc,tb_area a WHERE s.owner_id = ? and s.area_id = a.area_id and s.shop_category_id = sc.shop_category_id ORDER BY s.priority DESC LIMIT ?,? 
2020-07-01 01:00:31.363 [http-nio-80-exec-9] DEBUG com.edu.o2o.dao.ShopDao.queryShopList - ==> Parameters: 1(Long), 0(Integer), 100(Integer)
2020-07-01 01:00:31.476 [http-nio-80-exec-9] DEBUG com.edu.o2o.dao.ShopDao.queryShopList - <==      Total: 19
2020-07-01 01:00:31.485 [http-nio-80-exec-9] DEBUG com.edu.o2o.dao.ShopDao.queryShopCount - ==>  Preparing: select count(1) from tb_shop s, tb_shop_category sc,tb_area a WHERE s.owner_id = ? and s.area_id = a.area_id and s.shop_category_id = sc.shop_category_id 
2020-07-01 01:00:31.485 [http-nio-80-exec-9] DEBUG com.edu.o2o.dao.ShopDao.queryShopCount - ==> Parameters: 1(Long)
2020-07-01 01:00:31.564 [http-nio-80-exec-9] DEBUG com.edu.o2o.dao.ShopDao.queryShopCount - <==      Total: 1
2020-07-01 01:00:32.101 [http-nio-80-exec-4] DEBUG com.edu.o2o.dao.ShopDao.queryShopList - ==>  Preparing: select s.*,a.area_id,a.area_name,sc.shop_category_id,sc.shop_category_name from tb_shop s, tb_shop_category sc,tb_area a WHERE s.owner_id = ? and s.area_id = a.area_id and s.shop_category_id = sc.shop_category_id ORDER BY s.priority DESC LIMIT ?,? 
2020-07-01 01:00:32.102 [http-nio-80-exec-4] DEBUG com.edu.o2o.dao.ShopDao.queryShopList - ==> Parameters: 1(Long), 0(Integer), 100(Integer)
2020-07-01 01:00:32.183 [http-nio-80-exec-4] DEBUG com.edu.o2o.dao.ShopDao.queryShopList - <==      Total: 19
2020-07-01 01:00:32.243 [http-nio-80-exec-4] DEBUG com.edu.o2o.dao.ShopDao.queryShopCount - ==>  Preparing: select count(1) from tb_shop s, tb_shop_category sc,tb_area a WHERE s.owner_id = ? and s.area_id = a.area_id and s.shop_category_id = sc.shop_category_id 
2020-07-01 01:00:32.244 [http-nio-80-exec-4] DEBUG com.edu.o2o.dao.ShopDao.queryShopCount - ==> Parameters: 1(Long)
2020-07-01 01:00:32.321 [http-nio-80-exec-4] DEBUG com.edu.o2o.dao.ShopDao.queryShopCount - <==      Total: 1
2020-07-01 01:00:34.679 [http-nio-80-exec-11] DEBUG c.e.o.d.P.queryProductCategoryList - ==>  Preparing: select * from tb_product_category where shop_id=? order by priority desc 
2020-07-01 01:00:34.679 [http-nio-80-exec-11] DEBUG c.e.o.d.P.queryProductCategoryList - ==> Parameters: 30(Long)
2020-07-01 01:00:34.761 [http-nio-80-exec-11] DEBUG c.e.o.d.P.queryProductCategoryList - <==      Total: 4
2020-07-01 01:00:37.631 [http-nio-80-exec-13] DEBUG c.e.o.dao.ProductCategoryDao.deleteProductCategory - ==>  Preparing: delete from tb_product_category where product_category_id = ? and shop_id = ? 
2020-07-01 01:00:37.633 [http-nio-80-exec-13] DEBUG c.e.o.dao.ProductCategoryDao.deleteProductCategory - ==> Parameters: 37(Long), 30(Long)
2020-07-01 01:00:37.791 [http-nio-80-exec-13] DEBUG c.e.o.dao.ProductCategoryDao.deleteProductCategory - <==    Updates: 1
2020-07-01 01:00:38.040 [http-nio-80-exec-5] DEBUG c.e.o.d.P.queryProductCategoryList - ==>  Preparing: select * from tb_product_category where shop_id=? order by priority desc 
2020-07-01 01:00:38.040 [http-nio-80-exec-5] DEBUG c.e.o.d.P.queryProductCategoryList - ==> Parameters: 30(Long)
2020-07-01 01:00:38.119 [http-nio-80-exec-5] DEBUG c.e.o.d.P.queryProductCategoryList - <==      Total: 3
